#
# A fatal error has been detected by the Java Runtime Environment:
#
#  EXCEPTION_ACCESS_VIOLATION (0xc0000005) at pc=0x61948956, pid=9804, tid=0x00003c48
#
# JRE version: Java(TM) SE Runtime Environment (8.0_191-b12) (build 1.8.0_191-b12)
# Java VM: Java HotSpot(TM) Client VM (25.191-b12 mixed mode windows-x86 )
# Problematic frame:
# C  [listSerialsj.dll+0x8956]
#
# Failed to write core dump. Minidumps are not enabled by default on client versions of Windows
#
# If you would like to submit a bug report, please visit:
#   http://bugreport.java.com/bugreport/crash.jsp
# The crash happened outside the Java Virtual Machine in native code.
# See problematic frame for where to report the bug.
#

---------------  T H R E A D  ---------------

Current thread (0x2d9abc00):  JavaThread "cc.arduino.packages.discoverers.serial.SerialDiscovery" [_thread_in_native, id=15432, stack(0x2e440000,0x2e490000)]

siginfo: ExceptionCode=0xc0000005, writing address 0x0000004b

Registers:
EAX=0x00000000, EBX=0x00000000, ECX=0x685cf39e, EDX=0x00000000
ESP=0x2e48ed20, EBP=0x7a113190, ESI=0x0000004b, EDI=0x7573b8e0
EIP=0x61948956, EFLAGS=0x00010202

Top of Stack: (sp=0x2e48ed20)
0x2e48ed20:   0000fde9 00000000 7a113190 ffffffff
0x2e48ed30:   00000000 0000004b 00000000 00000000
0x2e48ed40:   0000009e 7a113188 0000009e 467a68c8
0x2e48ed50:   00001258 00000003 2e48edb8 61948cea
0x2e48ed60:   00001258 00220414 7a113188 0000009e
0x2e48ed70:   7a113188 0000009e 2e48edb8 00000000
0x2e48ed80:   01010100 00000000 2e48ef6c 7573c900
0x2e48ed90:   3c981f50 00000005 00000000 7a113188 

Instructions: (pc=0x61948956)
0x61948936:   89 44 24 10 c7 44 24 0c ff ff ff ff c7 44 24 04
0x61948946:   00 00 00 00 c7 04 24 e9 fd 00 00 ff d7 83 ec 20
0x61948956:   c6 04 33 00 89 d8 83 c4 2c 5b 5e 5f 5d c3 8d b6
0x61948966:   00 00 00 00 8d bf 00 00 00 00 57 56 89 ce 53 b9 


Register to memory mapping:

EAX=0x00000000 is an unknown value
EBX=0x00000000 is an unknown value
ECX=0x685cf39e is an unknown value
EDX=0x00000000 is an unknown value
ESP=0x2e48ed20 is pointing into the stack for thread: 0x2d9abc00
EBP=0x7a113190 is an unknown value
ESI=0x0000004b is an unknown value
EDI=0x7573b8e0 is an unknown value


Stack: [0x2e440000,0x2e490000],  sp=0x2e48ed20,  free space=315k
Native frames: (J=compiled Java code, j=interpreted, Vv=VM code, C=native code)
C  [listSerialsj.dll+0x8956]

Java frames: (J=compiled Java code, j=interpreted, Vv=VM code)
J 3909  processing.app.Platform.listSerialsNative()[Ljava/lang/String; (0 bytes) @ 0x0363190f [0x036318d0+0x3f]
j  processing.app.Platform.listSerials()Ljava/util/List;+5
j  cc.arduino.packages.discoverers.serial.SerialDiscovery.forceRefresh()V+10
j  cc.arduino.packages.discoverers.serial.SerialDiscovery$1.run()V+20
J 3944% C1 java.util.TimerThread.mainLoop()V (232 bytes) @ 0x035ec094 [0x035ebc60+0x434]
j  java.util.TimerThread.run()V+1
v  ~StubRoutines::call_stub

---------------  P R O C E S S  ---------------

Java Threads: ( => current thread )
  0x2f56b000 JavaThread "EventThread COM6" [_thread_in_native, id=72372, stack(0x02cd0000,0x02d20000)]
  0x2f56e800 JavaThread "JmDNS(192-168-29-133.local.).State.Timer" [_thread_blocked, id=11864, stack(0x29c50000,0x29ca0000)]
  0x2f56a800 JavaThread "JmDNS(192-168-29-133.local.).Timer" daemon [_thread_blocked, id=53604, stack(0x28680000,0x286d0000)]
  0x2f569c00 JavaThread "SocketListener(192-168-29-133.local.)" daemon [_thread_in_native, id=74632, stack(0x272e0000,0x27330000)]
  0x2f56fc00 JavaThread "Swing-Shell" daemon [_thread_blocked, id=69856, stack(0x29e00000,0x29e50000)]
  0x2f56d400 JavaThread "JmDNS(DESKTOP-HRPDU51.local.).State.Timer" [_thread_blocked, id=92780, stack(0x29ac0000,0x29b10000)]
  0x2f56dc00 JavaThread "JmDNS(DESKTOP-HRPDU51.local.).Timer" daemon [_thread_blocked, id=4888, stack(0x29a30000,0x29a80000)]
  0x2f568400 JavaThread "JmDNS(DESKTOP-HRPDU51.local.).State.Timer" [_thread_blocked, id=97988, stack(0x299a0000,0x299f0000)]
  0x2f56a400 JavaThread "JmDNS(DESKTOP-HRPDU51.local.).Timer" daemon [_thread_blocked, id=46936, stack(0x29910000,0x29960000)]
  0x2f56d000 JavaThread "DestroyJavaVM" [_thread_blocked, id=64908, stack(0x02f50000,0x02fa0000)]
  0x2f56c400 JavaThread "TimerQueue" daemon [_thread_blocked, id=66756, stack(0x30a50000,0x30aa0000)]
  0x26c77400 JavaThread "Batik CleanerThread" daemon [_thread_blocked, id=57376, stack(0x05250000,0x052a0000)]
  0x26c75400 JavaThread "AWT-EventQueue-0" [_thread_in_native, id=56940, stack(0x2eec0000,0x2ef10000)]
  0x26c76c00 JavaThread "AWT-Shutdown" [_thread_blocked, id=34880, stack(0x2ee30000,0x2ee80000)]
  0x26c74800 JavaThread "JmDNS(DESKTOP-HRPDU51-mshome-net.local.).State.Timer" [_thread_blocked, id=77880, stack(0x2eba0000,0x2ebf0000)]
  0x26c75800 JavaThread "JmDNS(DESKTOP-HRPDU51-mshome-net.local.).Timer" daemon [_thread_blocked, id=88772, stack(0x2eb10000,0x2eb60000)]
  0x2d9aa800 JavaThread "Multihomed mDNS.Timer" daemon [_thread_blocked, id=43668, stack(0x2e320000,0x2e370000)]
=>0x2d9abc00 JavaThread "cc.arduino.packages.discoverers.serial.SerialDiscovery" [_thread_in_native, id=15432, stack(0x2e440000,0x2e490000)]
  0x26e5a800 JavaThread "AWT-Windows" daemon [_thread_in_native, id=4940, stack(0x27370000,0x273c0000)]
  0x26e59000 JavaThread "Java2D Disposer" daemon [_thread_blocked, id=80984, stack(0x27250000,0x272a0000)]
  0x25942000 JavaThread "Service Thread" daemon [_thread_blocked, id=84548, stack(0x26ae0000,0x26b30000)]
  0x2594ec00 JavaThread "C1 CompilerThread0" daemon [_thread_blocked, id=52248, stack(0x26a50000,0x26aa0000)]
  0x2594d400 JavaThread "Attach Listener" daemon [_thread_blocked, id=26556, stack(0x269c0000,0x26a10000)]
  0x2594b400 JavaThread "Signal Dispatcher" daemon [_thread_blocked, id=16824, stack(0x26910000,0x26960000)]
  0x2592c400 JavaThread "Finalizer" daemon [_thread_blocked, id=96544, stack(0x25b10000,0x25b60000)]
  0x25926800 JavaThread "Reference Handler" daemon [_thread_blocked, id=15900, stack(0x051b0000,0x05200000)]

Other Threads:
  0x25911000 VMThread [stack: 0x03110000,0x03160000] [id=9736]
  0x25945400 WatcherThread [stack: 0x26b70000,0x26bc0000] [id=6908]

VM state:not at safepoint (normal execution)

VM Mutex/Monitor currently owned by a thread: None

Heap:
 def new generation   total 157248K, used 120043K [0x05400000, 0x0fea0000, 0x0fea0000)
  eden space 139776K,  85% used [0x05400000, 0x0c9378b0, 0x0dc80000)
  from space 17472K,   0% used [0x0dc80000, 0x0dc83370, 0x0ed90000)
  to   space 17472K,   0% used [0x0ed90000, 0x0ed90000, 0x0fea0000)
 tenured generation   total 349568K, used 202520K [0x0fea0000, 0x25400000, 0x25400000)
   the space 349568K,  57% used [0x0fea0000, 0x1c466298, 0x1c466400, 0x25400000)
 Metaspace       used 23193K, capacity 23833K, committed 23936K, reserved 23936K

Card table byte_map: [0x052b0000,0x053c0000] byte_map_base: 0x05286000

Polling page: 0x01410000

CodeCache: size=32768Kb used=1779Kb max_used=5167Kb free=30988Kb
 bounds [0x03170000, 0x03680000, 0x05170000]
 total_blobs=1113 nmethods=827 adapters=215
 compilation: enabled

Compilation events (10 events):
Event: 404280.889 Thread 0x2594ec00 201818             java.util.HashMap::putVal (300 bytes)
Event: 404280.890 Thread 0x2594ec00 nmethod 201818 0x0327df88 code [0x0327e130, 0x0327e5c8]
Event: 404281.928 Thread 0x2594ec00 201819             java.net.NetworkInterface$2::nextElement (5 bytes)
Event: 404281.928 Thread 0x2594ec00 nmethod 201819 0x03270888 code [0x03270980, 0x03270a0c]
Event: 404281.928 Thread 0x2594ec00 201820             java.net.NetworkInterface$2::nextElement (46 bytes)
Event: 404281.928 Thread 0x2594ec00 nmethod 201820 0x03404d08 code [0x03404e10, 0x03404f3c]
Event: 404282.180 Thread 0x2594ec00 201821   !         javax.jmdns.impl.DNSCache::getDNSEntry (88 bytes)
Event: 404282.180 Thread 0x2594ec00 nmethod 201821 0x0323be88 code [0x0323bff0, 0x0323c388]
Event: 404282.180 Thread 0x2594ec00 201822             java.lang.CharacterData::of (120 bytes)
Event: 404282.180 Thread 0x2594ec00 nmethod 201822 0x034b3b48 code [0x034b3c80, 0x034b3f80]

GC Heap History (10 events):
Event: 400506.047 GC heap before
{Heap before GC invocations=426 (full 5):
 def new generation   total 157248K, used 139791K [0x05400000, 0x0fea0000, 0x0fea0000)
  eden space 139776K, 100% used [0x05400000, 0x0dc80000, 0x0dc80000)
  from space 17472K,   0% used [0x0ed90000, 0x0ed93c10, 0x0fea0000)
  to   space 17472K,   0% used [0x0dc80000, 0x0dc80000, 0x0ed90000)
 tenured generation   total 349568K, used 202520K [0x0fea0000, 0x25400000, 0x25400000)
   the space 349568K,  57% used [0x0fea0000, 0x1c466298, 0x1c466400, 0x25400000)
 Metaspace       used 23193K, capacity 23833K, committed 23936K, reserved 23936K
Event: 400506.048 GC heap after
Heap after GC invocations=427 (full 5):
 def new generation   total 157248K, used 11K [0x05400000, 0x0fea0000, 0x0fea0000)
  eden space 139776K,   0% used [0x05400000, 0x05400000, 0x0dc80000)
  from space 17472K,   0% used [0x0dc80000, 0x0dc82e58, 0x0ed90000)
  to   space 17472K,   0% used [0x0ed90000, 0x0ed90000, 0x0fea0000)
 tenured generation   total 349568K, used 202520K [0x0fea0000, 0x25400000, 0x25400000)
   the space 349568K,  57% used [0x0fea0000, 0x1c466298, 0x1c466400, 0x25400000)
 Metaspace       used 23193K, capacity 23833K, committed 23936K, reserved 23936K
}
Event: 401283.999 GC heap before
{Heap before GC invocations=427 (full 5):
 def new generation   total 157248K, used 139787K [0x05400000, 0x0fea0000, 0x0fea0000)
  eden space 139776K, 100% used [0x05400000, 0x0dc80000, 0x0dc80000)
  from space 17472K,   0% used [0x0dc80000, 0x0dc82e58, 0x0ed90000)
  to   space 17472K,   0% used [0x0ed90000, 0x0ed90000, 0x0fea0000)
 tenured generation   total 349568K, used 202520K [0x0fea0000, 0x25400000, 0x25400000)
   the space 349568K,  57% used [0x0fea0000, 0x1c466298, 0x1c466400, 0x25400000)
 Metaspace       used 23193K, capacity 23833K, committed 23936K, reserved 23936K
Event: 401284.000 GC heap after
Heap after GC invocations=428 (full 5):
 def new generation   total 157248K, used 10K [0x05400000, 0x0fea0000, 0x0fea0000)
  eden space 139776K,   0% used [0x05400000, 0x05400000, 0x0dc80000)
  from space 17472K,   0% used [0x0ed90000, 0x0ed92ab0, 0x0fea0000)
  to   space 17472K,   0% used [0x0dc80000, 0x0dc80000, 0x0ed90000)
 tenured generation   total 349568K, used 202520K [0x0fea0000, 0x25400000, 0x25400000)
   the space 349568K,  57% used [0x0fea0000, 0x1c466298, 0x1c466400, 0x25400000)
 Metaspace       used 23193K, capacity 23833K, committed 23936K, reserved 23936K
}
Event: 402064.627 GC heap before
{Heap before GC invocations=428 (full 5):
 def new generation   total 157248K, used 139786K [0x05400000, 0x0fea0000, 0x0fea0000)
  eden space 139776K, 100% used [0x05400000, 0x0dc80000, 0x0dc80000)
  from space 17472K,   0% used [0x0ed90000, 0x0ed92ab0, 0x0fea0000)
  to   space 17472K,   0% used [0x0dc80000, 0x0dc80000, 0x0ed90000)
 tenured generation   total 349568K, used 202520K [0x0fea0000, 0x25400000, 0x25400000)
   the space 349568K,  57% used [0x0fea0000, 0x1c466298, 0x1c466400, 0x25400000)
 Metaspace       used 23193K, capacity 23833K, committed 23936K, reserved 23936K
Event: 402064.629 GC heap after
Heap after GC invocations=429 (full 5):
 def new generation   total 157248K, used 11K [0x05400000, 0x0fea0000, 0x0fea0000)
  eden space 139776K,   0% used [0x05400000, 0x05400000, 0x0dc80000)
  from space 17472K,   0% used [0x0dc80000, 0x0dc82f90, 0x0ed90000)
  to   space 17472K,   0% used [0x0ed90000, 0x0ed90000, 0x0fea0000)
 tenured generation   total 349568K, used 202520K [0x0fea0000, 0x25400000, 0x25400000)
   the space 349568K,  57% used [0x0fea0000, 0x1c466298, 0x1c466400, 0x25400000)
 Metaspace       used 23193K, capacity 23833K, committed 23936K, reserved 23936K
}
Event: 402844.229 GC heap before
{Heap before GC invocations=429 (full 5):
 def new generation   total 157248K, used 139787K [0x05400000, 0x0fea0000, 0x0fea0000)
  eden space 139776K, 100% used [0x05400000, 0x0dc80000, 0x0dc80000)
  from space 17472K,   0% used [0x0dc80000, 0x0dc82f90, 0x0ed90000)
  to   space 17472K,   0% used [0x0ed90000, 0x0ed90000, 0x0fea0000)
 tenured generation   total 349568K, used 202520K [0x0fea0000, 0x25400000, 0x25400000)
   the space 349568K,  57% used [0x0fea0000, 0x1c466298, 0x1c466400, 0x25400000)
 Metaspace       used 23193K, capacity 23833K, committed 23936K, reserved 23936K
Event: 402844.229 GC heap after
Heap after GC invocations=430 (full 5):
 def new generation   total 157248K, used 10K [0x05400000, 0x0fea0000, 0x0fea0000)
  eden space 139776K,   0% used [0x05400000, 0x05400000, 0x0dc80000)
  from space 17472K,   0% used [0x0ed90000, 0x0ed92ae0, 0x0fea0000)
  to   space 17472K,   0% used [0x0dc80000, 0x0dc80000, 0x0ed90000)
 tenured generation   total 349568K, used 202520K [0x0fea0000, 0x25400000, 0x25400000)
   the space 349568K,  57% used [0x0fea0000, 0x1c466298, 0x1c466400, 0x25400000)
 Metaspace       used 23193K, capacity 23833K, committed 23936K, reserved 23936K
}
Event: 403618.565 GC heap before
{Heap before GC invocations=430 (full 5):
 def new generation   total 157248K, used 139786K [0x05400000, 0x0fea0000, 0x0fea0000)
  eden space 139776K, 100% used [0x05400000, 0x0dc80000, 0x0dc80000)
  from space 17472K,   0% used [0x0ed90000, 0x0ed92ae0, 0x0fea0000)
  to   space 17472K,   0% used [0x0dc80000, 0x0dc80000, 0x0ed90000)
 tenured generation   total 349568K, used 202520K [0x0fea0000, 0x25400000, 0x25400000)
   the space 349568K,  57% used [0x0fea0000, 0x1c466298, 0x1c466400, 0x25400000)
 Metaspace       used 23193K, capacity 23833K, committed 23936K, reserved 23936K
Event: 403618.566 GC heap after
Heap after GC invocations=431 (full 5):
 def new generation   total 157248K, used 12K [0x05400000, 0x0fea0000, 0x0fea0000)
  eden space 139776K,   0% used [0x05400000, 0x05400000, 0x0dc80000)
  from space 17472K,   0% used [0x0dc80000, 0x0dc83370, 0x0ed90000)
  to   space 17472K,   0% used [0x0ed90000, 0x0ed90000, 0x0fea0000)
 tenured generation   total 349568K, used 202520K [0x0fea0000, 0x25400000, 0x25400000)
   the space 349568K,  57% used [0x0fea0000, 0x1c466298, 0x1c466400, 0x25400000)
 Metaspace       used 23193K, capacity 23833K, committed 23936K, reserved 23936K
}

Deoptimization events (0 events):
No events

Classes redefined (0 events):
No events

Internal exceptions (10 events):
Event: 399778.341 Thread 0x2f569c00 Exception <a 'java/io/IOException'> (0x05c45db0) thrown at [C:\workspace\8-2-build-windows-i586-cygwin\jdk8u191\11896\hotspot\src\share\vm\prims\jni.cpp, line 709]
Event: 399778.341 Thread 0x2f569c00 Exception <a 'java/io/IOException'> (0x05c45ff8) thrown at [C:\workspace\8-2-build-windows-i586-cygwin\jdk8u191\11896\hotspot\src\share\vm\prims\jni.cpp, line 709]
Event: 401878.308 Thread 0x2f569c00 Exception <a 'java/io/IOException'> (0x0ba45440) thrown at [C:\workspace\8-2-build-windows-i586-cygwin\jdk8u191\11896\hotspot\src\share\vm\prims\jni.cpp, line 709]
Event: 401878.308 Thread 0x2f569c00 Exception <a 'java/io/IOException'> (0x0ba456b8) thrown at [C:\workspace\8-2-build-windows-i586-cygwin\jdk8u191\11896\hotspot\src\share\vm\prims\jni.cpp, line 709]
Event: 401878.308 Thread 0x2f569c00 Exception <a 'java/io/IOException'> (0x0ba45900) thrown at [C:\workspace\8-2-build-windows-i586-cygwin\jdk8u191\11896\hotspot\src\share\vm\prims\jni.cpp, line 709]
Event: 401878.308 Thread 0x2f569c00 Exception <a 'java/io/IOException'> (0x0ba45b48) thrown at [C:\workspace\8-2-build-windows-i586-cygwin\jdk8u191\11896\hotspot\src\share\vm\prims\jni.cpp, line 709]
Event: 403978.273 Thread 0x2f569c00 Exception <a 'java/io/IOException'> (0x092af6b8) thrown at [C:\workspace\8-2-build-windows-i586-cygwin\jdk8u191\11896\hotspot\src\share\vm\prims\jni.cpp, line 709]
Event: 403978.273 Thread 0x2f569c00 Exception <a 'java/io/IOException'> (0x092af930) thrown at [C:\workspace\8-2-build-windows-i586-cygwin\jdk8u191\11896\hotspot\src\share\vm\prims\jni.cpp, line 709]
Event: 403978.273 Thread 0x2f569c00 Exception <a 'java/io/IOException'> (0x092afb78) thrown at [C:\workspace\8-2-build-windows-i586-cygwin\jdk8u191\11896\hotspot\src\share\vm\prims\jni.cpp, line 709]
Event: 403978.273 Thread 0x2f569c00 Exception <a 'java/io/IOException'> (0x092afdc0) thrown at [C:\workspace\8-2-build-windows-i586-cygwin\jdk8u191\11896\hotspot\src\share\vm\prims\jni.cpp, line 709]

Events (10 events):
Event: 404266.539 Thread 0x2594ec00 flushing nmethod 0x032872c8
Event: 404267.330 Thread 0x2594ec00 flushing nmethod 0x0345e108
Event: 404268.957 Thread 0x2594ec00 flushing nmethod 0x0339b5c8
Event: 404270.859 Thread 0x2594ec00 flushing nmethod 0x034b7a88
Event: 404270.859 Thread 0x2594ec00 flushing nmethod 0x03638948
Event: 404274.590 Thread 0x2594ec00 flushing nmethod 0x0323be88
Event: 404275.409 Thread 0x2594ec00 flushing nmethod 0x03270888
Event: 404275.409 Thread 0x2594ec00 flushing nmethod 0x03285208
Event: 404275.409 Thread 0x2594ec00 flushing nmethod 0x034049c8
Event: 404277.777 Thread 0x2594ec00 flushing nmethod 0x03463908


Dynamic libraries:
0x00630000 - 0x00663000 	C:\Program Files (x86)\Arduino\java\bin\javaw.exe
0x77000000 - 0x771b1000 	C:\WINDOWS\SYSTEM32\ntdll.dll
0x75720000 - 0x75810000 	C:\WINDOWS\System32\KERNEL32.DLL
0x76190000 - 0x76405000 	C:\WINDOWS\System32\KERNELBASE.dll
0x76b70000 - 0x76bef000 	C:\WINDOWS\System32\ADVAPI32.dll
0x75480000 - 0x75544000 	C:\WINDOWS\System32\msvcrt.dll
0x76bf0000 - 0x76c75000 	C:\WINDOWS\System32\sechost.dll
0x76c80000 - 0x76c9a000 	C:\WINDOWS\System32\bcrypt.dll
0x76410000 - 0x764ca000 	C:\WINDOWS\System32\RPCRT4.dll
0x76e40000 - 0x76fe9000 	C:\WINDOWS\System32\USER32.dll
0x74e70000 - 0x74e8a000 	C:\WINDOWS\System32\win32u.dll
0x75630000 - 0x75653000 	C:\WINDOWS\System32\GDI32.dll
0x74d80000 - 0x74e62000 	C:\WINDOWS\System32\gdi32full.dll
0x751f0000 - 0x75269000 	C:\WINDOWS\System32\msvcp_win.dll
0x74c60000 - 0x74d72000 	C:\WINDOWS\System32\ucrtbase.dll
0x6d570000 - 0x6d798000 	C:\WINDOWS\WinSxS\x86_microsoft.windows.common-controls_6595b64144ccf1df_6.0.22621.3235_none_6ebcabb88802389e\COMCTL32.dll
0x76e10000 - 0x76e35000 	C:\WINDOWS\System32\IMM32.DLL
0x69c00000 - 0x69cbf000 	C:\Program Files (x86)\Arduino\java\bin\msvcr100.dll
0x55380000 - 0x55753000 	C:\Program Files (x86)\Arduino\java\bin\client\jvm.dll
0x75270000 - 0x75276000 	C:\WINDOWS\System32\PSAPI.DLL
0x749a0000 - 0x749a8000 	C:\WINDOWS\SYSTEM32\VERSION.dll
0x72600000 - 0x72631000 	C:\WINDOWS\SYSTEM32\WINMM.dll
0x74c10000 - 0x74c18000 	C:\WINDOWS\SYSTEM32\WSOCK32.dll
0x75f90000 - 0x75fef000 	C:\WINDOWS\System32\WS2_32.dll
0x6c0a0000 - 0x6c0d0000 	C:\Program Files (x86)\Arduino\java\bin\splashscreen.dll
0x6d7a0000 - 0x6d81f000 	C:\WINDOWS\system32\uxtheme.dll
0x75cc0000 - 0x75f3c000 	C:\WINDOWS\System32\combase.dll
0x6c090000 - 0x6c09c000 	C:\Program Files (x86)\Arduino\java\bin\verify.dll
0x69bd0000 - 0x69bf2000 	C:\Program Files (x86)\Arduino\java\bin\java.dll
0x74f60000 - 0x7505f000 	C:\WINDOWS\System32\MSCTF.dll
0x69bb0000 - 0x69bc4000 	C:\Program Files (x86)\Arduino\java\bin\zip.dll
0x746f0000 - 0x74703000 	C:\WINDOWS\SYSTEM32\kernel.appcore.dll
0x75c50000 - 0x75cb2000 	C:\WINDOWS\System32\bcryptPrimitives.dll
0x6ae60000 - 0x6af59000 	C:\WINDOWS\SYSTEM32\textinputframework.dll
0x75280000 - 0x7531c000 	C:\WINDOWS\System32\OLEAUT32.dll
0x764d0000 - 0x76b69000 	C:\WINDOWS\System32\SHELL32.dll
0x73e90000 - 0x7457f000 	C:\WINDOWS\SYSTEM32\windows.storage.dll
0x72eb0000 - 0x72f77000 	C:\WINDOWS\SYSTEM32\wintypes.dll
0x68a50000 - 0x68b1e000 	C:\WINDOWS\SYSTEM32\CoreMessaging.dll
0x74e90000 - 0x74f51000 	C:\WINDOWS\System32\SHCORE.dll
0x75f40000 - 0x75f8b000 	C:\WINDOWS\System32\shlwapi.dll
0x72520000 - 0x72539000 	C:\WINDOWS\SYSTEM32\profapi.dll
0x5e2b0000 - 0x5e541000 	C:\WINDOWS\SYSTEM32\CoreUIComponents.dll
0x733d0000 - 0x733db000 	C:\WINDOWS\SYSTEM32\CRYPTBASE.DLL
0x26890000 - 0x268c8000 	C:\Program Files\WIDCOMM\Bluetooth Software\SysWOW64\BtMmHook.dll
0x75320000 - 0x75475000 	C:\WINDOWS\System32\ole32.dll
0x61940000 - 0x619b3000 	C:\Program Files (x86)\Arduino\lib\listSerialsj.dll
0x75810000 - 0x75c4d000 	C:\WINDOWS\System32\SETUPAPI.dll
0x74960000 - 0x7499d000 	C:\WINDOWS\SYSTEM32\cfgmgr32.DLL
0x69b90000 - 0x69bad000 	C:\Program Files (x86)\Arduino\lib\jnidispatch-4.2.2-win32-x86.dll
0x69b70000 - 0x69b85000 	C:\Program Files (x86)\Arduino\java\bin\net.dll
0x74b50000 - 0x74ba1000 	C:\WINDOWS\system32\mswsock.dll
0x6c080000 - 0x6c08f000 	C:\Program Files (x86)\Arduino\java\bin\nio.dll
0x55830000 - 0x55977000 	C:\Program Files (x86)\Arduino\java\bin\awt.dll
0x74aa0000 - 0x74b46000 	C:\WINDOWS\SYSTEM32\apphelp.dll
0x716a0000 - 0x716c4000 	C:\WINDOWS\system32\DWMAPI.DLL
0x69b30000 - 0x69b69000 	C:\Program Files (x86)\Arduino\java\bin\fontmanager.dll
0x577c0000 - 0x578a0000 	C:\WINDOWS\system32\opengl32.dll
0x5c660000 - 0x5c6a2000 	C:\WINDOWS\SYSTEM32\GLU32.dll
0x700e0000 - 0x7010e000 	C:\WINDOWS\SYSTEM32\dxcore.dll
0x69af0000 - 0x69b22000 	C:\Program Files (x86)\Arduino\java\bin\t2k.dll
0x73350000 - 0x73374000 	C:\WINDOWS\SYSTEM32\DEVOBJ.dll
0x756c0000 - 0x75717000 	C:\WINDOWS\System32\WINTRUST.dll
0x76070000 - 0x76173000 	C:\WINDOWS\System32\CRYPT32.dll
0x71be0000 - 0x71bee000 	C:\WINDOWS\SYSTEM32\MSASN1.dll
0x74bb0000 - 0x74bd4000 	C:\WINDOWS\SYSTEM32\IPHLPAPI.DLL
0x76060000 - 0x76067000 	C:\WINDOWS\System32\NSI.dll
0x72df0000 - 0x72e06000 	C:\WINDOWS\SYSTEM32\dhcpcsvc6.DLL
0x730f0000 - 0x73107000 	C:\WINDOWS\SYSTEM32\dhcpcsvc.DLL
0x72ff0000 - 0x730ad000 	C:\WINDOWS\SYSTEM32\DNSAPI.dll
0x73e20000 - 0x73e35000 	C:\WINDOWS\SYSTEM32\CRYPTSP.dll
0x73b70000 - 0x73ba0000 	C:\WINDOWS\system32\rsaenh.dll
0x74bf0000 - 0x74c0f000 	C:\WINDOWS\SYSTEM32\USERENV.dll
0x72860000 - 0x72872000 	C:\WINDOWS\system32\napinsp.dll
0x727e0000 - 0x727f6000 	C:\WINDOWS\system32\pnrpnsp.dll
0x727d0000 - 0x727de000 	C:\WINDOWS\System32\winrnr.dll
0x72780000 - 0x72791000 	C:\WINDOWS\system32\wshbth.dll
0x72710000 - 0x72728000 	C:\WINDOWS\system32\nlansp_c.dll
0x726f0000 - 0x726f9000 	C:\Program Files (x86)\National Instruments\Shared\mDNS Responder\nimdnsNSP.dll
0x73280000 - 0x7328e000 	C:\WINDOWS\SYSTEM32\nimdnsResponder.dll
0x69ad0000 - 0x69ae4000 	C:\Program Files (x86)\Arduino\java\bin\VCRUNTIME140.dll
0x69a80000 - 0x69aa0000 	C:\Program Files (x86)\Arduino\java\bin\sunec.dll
0x72640000 - 0x72648000 	C:\Windows\System32\rasadhlp.dll
0x72690000 - 0x726ed000 	C:\WINDOWS\System32\fwpuclnt.dll
0x69a70000 - 0x69a79000 	C:\Program Files (x86)\Arduino\java\bin\sunmscapi.dll
0x557c0000 - 0x55829000 	C:\Program Files (x86)\Arduino\msvcp100.dll
0x552c0000 - 0x5537e000 	C:\Program Files (x86)\Arduino\msvcr100.dll
0x2f010000 - 0x2f042000 	C:\Program Files (x86)\Arduino\lib\AStylej.dll
0x69aa0000 - 0x69ac4000 	C:\Program Files (x86)\Arduino\java\bin\dcpr.dll
0x75060000 - 0x750e2000 	C:\WINDOWS\System32\clbcatq.dll
0x6bf10000 - 0x6c070000 	C:\WINDOWS\SYSTEM32\WindowsCodecs.dll
0x6b450000 - 0x6b49c000 	C:\WINDOWS\system32\dataexchange.dll
0x6b260000 - 0x6b44c000 	C:\WINDOWS\system32\twinapi.appcore.dll
0x64000000 - 0x6401b000 	C:\Program Files (x86)\Arduino\lib\jSSC-2.8_x86.dll
0x722b0000 - 0x722cf000 	C:\WINDOWS\SYSTEM32\edputil.dll
0x72e10000 - 0x72ea1000 	C:\WINDOWS\WinSxS\x86_microsoft.windows.common-controls_6595b64144ccf1df_5.82.22621.2506_none_fbe8e1f07808be9b\comctl32.dll
0x72450000 - 0x72517000 	C:\WINDOWS\system32\propsys.dll
0x6cc70000 - 0x6cc85000 	C:\WINDOWS\system32\NetworkExplorer.dll
0x550b0000 - 0x55103000 	C:\Windows\System32\thumbcache.dll
0x536c0000 - 0x53750000 	C:\WINDOWS\SYSTEM32\policymanager.dll
0x55110000 - 0x55177000 	C:\WINDOWS\SYSTEM32\msvcp110_win.dll
0x72100000 - 0x722a2000 	C:\Windows\System32\urlmon.dll
0x71ec0000 - 0x720f8000 	C:\Windows\System32\iertutil.dll
0x73960000 - 0x7396b000 	C:\Windows\System32\netutils.dll
0x73b50000 - 0x73b6d000 	C:\Windows\System32\srvcli.dll
0x722f0000 - 0x7231b000 	C:\Windows\System32\SspiCli.dll
0x746d0000 - 0x746e9000 	C:\WINDOWS\SYSTEM32\MPR.dll
0x54940000 - 0x54960000 	C:\WINDOWS\System32\p9np.dll
0x54930000 - 0x5493a000 	C:\WINDOWS\System32\drprov.dll
0x54500000 - 0x5451a000 	C:\WINDOWS\System32\ntlanman.dll
0x52d80000 - 0x52d99000 	C:\WINDOWS\System32\davclnt.dll
0x70150000 - 0x7019f000 	C:\WINDOWS\System32\WINSTA.dll
0x73830000 - 0x73842000 	C:\WINDOWS\System32\wkscli.dll
0x596c0000 - 0x596ce000 	C:\WINDOWS\SYSTEM32\cscapi.dll
0x6c480000 - 0x6c563000 	C:\Windows\System32\Windows.System.Launcher.dll
0x6fa60000 - 0x6fa73000 	C:\WINDOWS\SYSTEM32\windows.staterepositorycore.dll
0x544a0000 - 0x544e7000 	C:\Windows\System32\dlnashext.dll
0x6cc20000 - 0x6cc69000 	C:\Windows\System32\PlayToDevice.dll
0x5ca60000 - 0x5ca7c000 	C:\Windows\System32\DevDispItemProvider.dll
0x685e0000 - 0x6865c000 	C:\WINDOWS\System32\MMDevApi.dll
0x72700000 - 0x7270a000 	C:\WINDOWS\SYSTEM32\WINNSI.DLL
0x6caa0000 - 0x6cafc000 	C:\WINDOWS\System32\netprofm.dll
0x6fa50000 - 0x6fa5f000 	C:\WINDOWS\System32\npmproxy.dll
0x6c3f0000 - 0x6c47c000 	C:\WINDOWS\system32\wpdshext.dll
0x6cf70000 - 0x6d0de000 	C:\WINDOWS\WinSxS\x86_microsoft.windows.gdiplus_6595b64144ccf1df_1.1.22621.3085_none_9faca057e290307d\gdiplus.dll
0x6c360000 - 0x6c3e5000 	C:\Windows\System32\PortableDeviceApi.dll
0x6bec0000 - 0x6bf02000 	C:\WINDOWS\system32\audiodev.dll
0x539c0000 - 0x53b90000 	C:\WINDOWS\system32\WMVCore.DLL

VM Arguments:
jvm_args: -Dsun.java2d.d3d=false -Djna.nosys=true -Djna.nounpack=true -Djna.boot.library.name=jnidispatch-4.2.2-win32-x86 -Djna.boot.library.path=C:\Program Files (x86)\Arduino/lib -Djssc.library.path=C:\Program Files (x86)\Arduino/lib -DAPP_DIR=C:\Program Files (x86)\Arduino -Xms128M -Xmx512M -Dfile.encoding=UTF8 -Djava.net.preferIPv4Stack=true 
java_command: processing.app.Base C:\Users\joesp\Documents\GitHub\knock-controller\SignalGen\SignalGen.ino
java_class_path (initial): C:\Program Files (x86)\Arduino\lib\apple.jar;C:\Program Files (x86)\Arduino\lib\arduino-core.jar;C:\Program Files (x86)\Arduino\lib\batik-1.8.jar;C:\Program Files (x86)\Arduino\lib\batik-anim-1.8.jar;C:\Program Files (x86)\Arduino\lib\batik-awt-util-1.8.jar;C:\Program Files (x86)\Arduino\lib\batik-bridge-1.8.jar;C:\Program Files (x86)\Arduino\lib\batik-codec-1.8.jar;C:\Program Files (x86)\Arduino\lib\batik-css-1.8.jar;C:\Program Files (x86)\Arduino\lib\batik-dom-1.8.jar;C:\Program Files (x86)\Arduino\lib\batik-ext-1.8.jar;C:\Program Files (x86)\Arduino\lib\batik-gvt-1.8.jar;C:\Program Files (x86)\Arduino\lib\batik-parser-1.8.jar;C:\Program Files (x86)\Arduino\lib\batik-rasterizer-1.8.jar;C:\Program Files (x86)\Arduino\lib\batik-script-1.8.jar;C:\Program Files (x86)\Arduino\lib\batik-squiggle-1.8.jar;C:\Program Files (x86)\Arduino\lib\batik-svg-dom-1.8.jar;C:\Program Files (x86)\Arduino\lib\batik-svgpp-1.8.jar;C:\Program Files (x86)\Arduino\lib\batik-transcoder-1.8.jar;C:\Program Files (x86)\Arduino\lib\batik-util-1.8.jar;C:\Program Files (x86)\Arduino\lib\batik-xml-1.8.jar;C:\Program Files (x86)\Arduino\lib\bcpg-jdk15on-152.jar;C:\Program Files (x86)\Arduino\lib\bcprov-jdk15on-152.jar;C:\Program Files (x86)\Arduino\lib\commons-codec-1.7.jar;C:\Program Files (x86)\Arduino\lib\commons-compress-1.8.jar;C:\Program Files (x86)\Arduino\lib\commons-exec-1.1.jar;C:\Program Files (x86)\Arduino\lib\commons-httpclient-3.1.jar;C:\Program Files (x86)\Arduino\lib\commons-lang3-3.8.1.jar;C:\Program Files (x86)\Arduino\lib\commons-logging-1.0.4.jar;C:\Program Files (x86)\Arduino\lib\commons-net-3.3.jar;C:\Program Files (x86)\Arduino\lib\commons-io-2.6.jar;C:\Program Files (x86)\Arduino\lib\jackson-annotations-2.9.5.jar;C:\Program Files (x86)\Arduino\lib\jackson-core-2.9.5.jar;C:\Program Files (x86)\Arduino\lib\jackson-databind-2.9.5.jar;C:\Program Files (x86)\Arduino\lib\java-semver-0.8.0.jar;C:\Program Files (x86)\Arduino\lib\jmdns-3.5.5.jar;C:\Program
Launcher Type: SUN_STANDARD

Environment Variables:
PATH=C:\Python\Scripts\;C:\Python\;C:\Program Files (x86)\Razer Chroma SDK\bin;C:\Program Files\Razer Chroma SDK\bin;C:\Program Files (x86)\Common Files\Oracle\Java\javapath;C:\WINDOWS\system32;C:\WINDOWS;C:\WINDOWS\System32\Wbem;C:\WINDOWS\System32\WindowsPowerShell\v1.0\;C:\WINDOWS\System32\OpenSSH\;C:\Program Files\Microsoft SQL Server\120\Tools\Binn\;C:\PROGRA~1\MATLAB\R2020b\runtime\win64;C:\PROGRA~1\MATLAB\R2020b\bin;C:\Program Files\MATLAB\R2020b\runtime\win64;C:\Program Files\MATLAB\R2020b\bin;C:\Program Files\PuTTY\;C:\Program Files (x86)\AOMEI\AOMEI Backupper 6.1.0;C:\Program Files\WIDCOMM\Bluetooth Software\;C:\Program Files\WIDCOMM\Bluetooth Software\syswow64;C:\Program Files\Git\cmd;C:\Users\joesp\.pyenv\pyenv-win\bin;C:\Users\joesp\.pyenv\pyenv-win\shims;C:\Windows\system32;C:\Windows;C:\Windows\System32\Wbem;C:\Windows\System32\WindowsPowerShell\v1.0\;C:\Windows\System32\OpenSSH\;C:\Users\joesp\AppData\Local\Programs\Python\Python39\Scripts\;C:\Users\joesp\AppData\Local\Programs\Python\Python39\;C:\Users\joesp\AppData\Local\Microsoft\WindowsApps;C:\Users\joesp\AppData\Local\GitHubDesktop\bin;C:\Python27;C:\Python27\Scripts;C:\Users\joesp\AppData\Local\Programs\Microsoft VS Code\bin;C:\Program Files\NVIDIA Corporation\NVIDIA NvDLISR;C:\Program Files (x86)\NVIDIA Corporation\PhysX\Common;C:\Program Files\dotnet\;C:\WINDOWS\system32;C:\WINDOWS;C:\WINDOWS\System32\Wbem;C:\WINDOWS\System32\WindowsPowerShell\v1.0\;C:\WINDOWS\System32\OpenSSH\;C:\Program Files (x86)\STMicroelectronics\STM32 ST-LINK Utility\ST-LINK Utility;C:\Program Files (x86)\IVI Foundation\VISA\WinNT\Bin\;C:\Program Files\IVI Foundation\VISA\Win64\Bin\;C:\Program Files (x86)\IVI Foundation\VISA\WinNT\Bin;C:\Program Files (x86)\National Instruments\Shared\LabVIEW CLI;C:\Program Files (x86)\IVI Foundation\IVI\Bin\;C:\Program Files\IVI Foundation\IVI\Bin\;;C:\Program Files (x86)\Arduino\java\bin
USERNAME=joesp
OS=Windows_NT
PROCESSOR_IDENTIFIER=Intel64 Family 6 Model 183 Stepping 1, GenuineIntel



---------------  S Y S T E M  ---------------

OS: Windows 10.0 , 64 bit Build 22621 (10.0.22621.3374)

CPU:total 20 (initial active 20) (10 cores per cpu, 2 threads per core) family 6 model 183 stepping 1, cmov, cx8, fxsr, mmx, sse, sse2, sse3, ssse3, sse4.1, sse4.2, popcnt, avx, avx2, aes, clmul, erms, 3dnowpref, lzcnt, ht, tsc, tscinvbit, bmi1, bmi2, adx

Memory: 4k page, physical 66944192k(38570132k free), swap 91061440k(26273264k free)

vm_info: Java HotSpot(TM) Client VM (25.191-b12) for windows-x86 JRE (1.8.0_191-b12), built on Oct  6 2018 08:34:23 by "java_re" with MS VC++ 10.0 (VS2010)

time: Fri May 03 09:24:17 2024
elapsed time: 404285 seconds (4d 16h 18m 5s)

